c:\users\frede\source\repos\tp1_ift339\tp1_ift339\x64\debug\vc143.pdb
c:\users\frede\source\repos\tp1_ift339\tp1_ift339\x64\debug\vc143.idb
c:\users\frede\source\repos\tp1_ift339\tp1_ift339\x64\debug\rectangle.obj
c:\users\frede\source\repos\tp1_ift339\tp1_ift339\x64\debug\polygone.obj
c:\users\frede\source\repos\tp1_ift339\tp1_ift339\x64\debug\point.obj
c:\users\frede\source\repos\tp1_ift339\tp1_ift339\x64\debug\plan.obj
c:\users\frede\source\repos\tp1_ift339\tp1_ift339\x64\debug\main.obj
c:\users\frede\source\repos\tp1_ift339\tp1_ift339\x64\debug\cercle.obj
c:\users\frede\source\repos\tp1_ift339\x64\debug\tp1_ift339.pdb
c:\users\frede\source\repos\tp1_ift339\tp1_ift339\x64\debug\tp1_ift339.tlog\cl.command.1.tlog
c:\users\frede\source\repos\tp1_ift339\tp1_ift339\x64\debug\tp1_ift339.tlog\cl.read.1.tlog
c:\users\frede\source\repos\tp1_ift339\tp1_ift339\x64\debug\tp1_ift339.tlog\cl.write.1.tlog
c:\users\frede\source\repos\tp1_ift339\tp1_ift339\x64\debug\tp1_ift339.tlog\link-cvtres.read.1.tlog
c:\users\frede\source\repos\tp1_ift339\tp1_ift339\x64\debug\tp1_ift339.tlog\link-cvtres.write.1.tlog
c:\users\frede\source\repos\tp1_ift339\tp1_ift339\x64\debug\tp1_ift339.tlog\link-rc.read.1.tlog
c:\users\frede\source\repos\tp1_ift339\tp1_ift339\x64\debug\tp1_ift339.tlog\link-rc.write.1.tlog
c:\users\frede\source\repos\tp1_ift339\tp1_ift339\x64\debug\tp1_ift339.tlog\link.command.1.tlog
c:\users\frede\source\repos\tp1_ift339\tp1_ift339\x64\debug\tp1_ift339.tlog\link.read.1.tlog
c:\users\frede\source\repos\tp1_ift339\tp1_ift339\x64\debug\tp1_ift339.tlog\link.read.2.tlog
c:\users\frede\source\repos\tp1_ift339\tp1_ift339\x64\debug\tp1_ift339.tlog\link.read.3.tlog
c:\users\frede\source\repos\tp1_ift339\tp1_ift339\x64\debug\tp1_ift339.tlog\link.read.4.tlog
c:\users\frede\source\repos\tp1_ift339\tp1_ift339\x64\debug\tp1_ift339.tlog\link.write.1.tlog
